  KMeans_Parallel_Optim_1.c
  KMeans_Parallel_Optim_2.c
  KMeans_Parallel_Optim_3.c
  KMeans_Sequential.c
  KMeans_Parallel.c
C:\Users\Davide\source\repos\KMeans_CPU\KMeans\KMeans_Parallel.c(1,1): warning C4005: '_CRT_SECURE_NO_WARNINGS': ridefinizione macro
  C:\Users\Davide\source\repos\KMeans_CPU\KMeans\KMeans_Parallel.c(1,1):
  '_CRT_SECURE_NO_WARNINGS' dichiarato in precedenza sulla riga di comando
  
C:\Users\Davide\source\repos\KMeans_CPU\KMeans\KMeans.h(319,16): warning C4477: 'printf': con la stringa di formato '%zu' è necessario un argomento di tipo 'unsigned __int64', ma il tipo dell'argomento variadic 1 è 'int'
  (compilazione del file di origine 'KMeans_Parallel.c')
  C:\Users\Davide\source\repos\KMeans_CPU\KMeans\KMeans.h(319,16):
  provare a usare '%u' nella stringa di formato
  C:\Users\Davide\source\repos\KMeans_CPU\KMeans\KMeans.h(319,16):
  provare a usare '%I32u' nella stringa di formato
  
C:\Users\Davide\source\repos\KMeans_CPU\KMeans\KMeans.h(336,16): warning C4477: 'printf': con la stringa di formato '%zu' è necessario un argomento di tipo 'unsigned __int64', ma il tipo dell'argomento variadic 1 è 'int'
  (compilazione del file di origine 'KMeans_Parallel.c')
  C:\Users\Davide\source\repos\KMeans_CPU\KMeans\KMeans.h(336,16):
  provare a usare '%u' nella stringa di formato
  C:\Users\Davide\source\repos\KMeans_CPU\KMeans\KMeans.h(336,16):
  provare a usare '%I32u' nella stringa di formato
  
C:\Users\Davide\source\repos\KMeans_CPU\KMeans\KMeans_Parallel.c(82,15): warning C4101: 'token': variabile locale senza riferimenti
C:\Users\Davide\source\repos\KMeans_CPU\KMeans\KMeans_Parallel.c(137,35): warning C4244: '+=': conversione da 'double' a 'float'. Possibile perdita di dati.
C:\Users\Davide\source\repos\KMeans_CPU\KMeans\KMeans_Parallel.c(140,39): warning C4244: '=': conversione da 'double' a 'float'. Possibile perdita di dati.
  Generazione del codice in corso...
  KMeans.vcxproj -> C:\Users\Davide\source\repos\KMeans_CPU\x64\Debug\KMeans.exe
